============A3Q1_00.txt===============
Name of chain file to check?Valid!

============A3Q1_01.txt===============
Name of chain file to check?Valid!

============A3Q1_02.txt===============
Name of chain file to check?Valid!

============A3Q1_03.txt===============
Name of chain file to check?Valid!

============A3Q1_04.txt===============
Name of chain file to check?Invalid step from coat -> cool

============A3Q1_05.txt===============
Name of chain file to check?Invalid step from mood -> gold

============A3Q1_06.txt===============
Name of chain file to check?Valid!

============A3Q1_07.txt===============
Name of chain file to check?Valid!

============A3Q1_08.txt===============
Name of chain file to check?Valid!

============A3Q1_09.txt===============
Name of chain file to check?Invalid step from fell -> call

============A3Q1_10.txt===============
Name of chain file to check?Invalid step from host -> must

============A3Q1_11.txt===============
Name of chain file to check?Invalid step from fact -> race

============A3Q1_12.txt===============
Name of chain file to check?Invalid word: betr

============A3Q1_13.txt===============
Name of chain file to check?Invalid: too short

============A3Q1_14.txt===============
Name of chain file to check?Invalid: repeated word:nick

============A3Q1_15.txt===============
Name of chain file to check?Invalid word: gard

============A3Q1_16.txt===============
Name of chain file to check?Valid!

============A3Q1_17.txt===============
Name of chain file to check?Valid!

============A3Q1_18.txt===============
Name of chain file to check?Valid!

============A3Q1_19.txt===============
Name of chain file to check?Invalid: repeated word:weak

============A3Q1_20.txt===============
Name of chain file to check?Invalid word: wakg

============A3Q1_21.txt===============
Name of chain file to check?Valid!

============A3Q1_22.txt===============
Name of chain file to check?Valid!

============A3Q1_23.txt===============
Name of chain file to check?Valid!

============A3Q1_24.txt===============
Name of chain file to check?Valid!

============A3Q1_25.txt===============
Name of chain file to check?Valid!

============A3Q1_26.txt===============
Name of chain file to check?Invalid step from dick -> nice

============A3Q1_27.txt===============
Name of chain file to check?Valid!

============A3Q1_28.txt===============
Name of chain file to check?Valid!

============A3Q1_29.txt===============
Name of chain file to check?Invalid: repeated word:gone

